<?xml version="1.0" encoding="UTF-8"?>
<!-- Generated by org.testng.reporters.JUnitReportReporter -->
<testsuite ignored="2" hostname="niuhuluediannao.lan" failures="0" tests="2" name="ParallelSuiteTest" time="0.001" errors="0" timestamp="13 Jan 2021 03:05:16 GMT" skipped="0">
  <testcase classname="ParallelSuiteTest" name="testMethodOne" time="0.001"/>
  <testcase classname="ParallelSuiteTest" name="testMethodOne" time="0.000"/>
  <testcase classname="RgxGroupTest" name="testMethodThree">
    <skipped/>
  </testcase> <!-- testMethodThree -->
  <testcase classname="RgxGroupTest" name="testMethodFour">
    <skipped/>
  </testcase> <!-- testMethodFour -->
</testsuite> <!-- ParallelSuiteTest -->
